#-----------------------------------------------------------
# Vivado v2019.2 (64-bit)
# SW Build 2708876 on Wed Nov  6 21:39:14 MST 2019
# IP Build 2700528 on Thu Nov  7 00:09:20 MST 2019
# Start of session at: Mon Aug  9 17:15:33 2021
# Process ID: 11608
# Current directory: /home/rsaradhy/Work/trenz/firmware/firmware_24channelDDMTD/log_files
# Command line: vivado ../project_2_bram.xpr
# Log file: /home/rsaradhy/Work/trenz/firmware/firmware_24channelDDMTD/log_files/vivado.log
# Journal file: /home/rsaradhy/Work/trenz/firmware/firmware_24channelDDMTD/log_files/vivado.jou
#-----------------------------------------------------------
start_gui
open_project ../project_2_bram.xpr
INFO: [Project 1-313] Project file moved from '/home/rsaradhy/Work/trenz/vivado/project_2_bram' since last save.
Scanning sources...
Finished scanning sources
INFO: [IP_Flow 19-234] Refreshing IP repositories
INFO: [IP_Flow 19-1704] No user IP repositories specified
INFO: [IP_Flow 19-2313] Loaded Vivado IP repository '/home/rsaradhy/Software/Vivado/Vivado/2019.2/data/ip'.
open_project: Time (s): cpu = 00:00:27 ; elapsed = 00:00:13 . Memory (MB): peak = 6640.945 ; gain = 139.434 ; free physical = 164 ; free virtual = 7446
reset_run synth_1
launch_runs impl_1 -to_step write_bitstream -jobs 16
[Mon Aug  9 17:28:55 2021] Launched synth_1...
Run output will be captured here: /home/rsaradhy/Work/trenz/firmware/firmware_24channelDDMTD/project_2_bram.runs/synth_1/runme.log
[Mon Aug  9 17:28:55 2021] Launched impl_1...
Run output will be captured here: /home/rsaradhy/Work/trenz/firmware/firmware_24channelDDMTD/project_2_bram.runs/impl_1/runme.log
write_hw_platform -fixed -force  -include_bit -file /home/rsaradhy/Work/trenz/firmware/firmware_24channelDDMTD/main.xsa
INFO: [Vivado 12-4895] Creating Hardware Platform: /home/rsaradhy/Work/trenz/firmware/firmware_24channelDDMTD/main.xsa ...
INFO: [Hsi 55-2053] elapsed time for repository (/home/rsaradhy/Software/Vivado/Vivado/2019.2/data/embeddedsw) loading 0 seconds
INFO: [Vivado 12-4896] Successfully created Hardware Platform: /home/rsaradhy/Work/trenz/firmware/firmware_24channelDDMTD/main.xsa
write_hw_platform: Time (s): cpu = 00:00:20 ; elapsed = 00:00:18 . Memory (MB): peak = 7142.184 ; gain = 0.000 ; free physical = 5380 ; free virtual = 10259
exit
INFO: [Common 17-206] Exiting Vivado at Mon Aug  9 17:48:51 2021...
