#-----------------------------------------------------------
# Vivado v2019.2 (64-bit)
# SW Build 2708876 on Wed Nov  6 21:39:14 MST 2019
# IP Build 2700528 on Thu Nov  7 00:09:20 MST 2019
# Start of session at: Fri Oct  8 12:27:26 2021
# Process ID: 3638
# Current directory: /home/rsaradhy/Work/trenz/firmware/firmware_DCPS
# Command line: vivado project_2_bram.xpr
# Log file: /home/rsaradhy/Work/trenz/firmware/firmware_DCPS/vivado.log
# Journal file: /home/rsaradhy/Work/trenz/firmware/firmware_DCPS/vivado.jou
#-----------------------------------------------------------
start_gui
open_project project_2_bram.xpr
Scanning sources...
Finished scanning sources
INFO: [IP_Flow 19-234] Refreshing IP repositories
INFO: [IP_Flow 19-1704] No user IP repositories specified
INFO: [IP_Flow 19-2313] Loaded Vivado IP repository '/home/rsaradhy/Software/Vivado/Vivado/2019.2/data/ip'.
open_project: Time (s): cpu = 00:00:22 ; elapsed = 00:00:10 . Memory (MB): peak = 6614.773 ; gain = 117.664 ; free physical = 9834 ; free virtual = 13158
open_bd_design {/home/rsaradhy/Work/trenz/firmware/firmware_DCPS/project_2_bram.srcs/sources_1/bd/design_1/design_1.bd}
Adding component instance block -- xilinx.com:ip:zynq_ultra_ps_e:3.3 - zynq_ultra_ps_e_0
Adding component instance block -- xilinx.com:ip:smartconnect:1.0 - axi_smc
Adding component instance block -- xilinx.com:ip:proc_sys_reset:5.0 - rst_ps8_0_200M
Adding component instance block -- xilinx.com:ip:axi_gpio:2.0 - axi_gpio_0
Adding component instance block -- xilinx.com:ip:axi_bram_ctrl:4.1 - axi_bram_ctrl_0
Adding component instance block -- xilinx.com:ip:blk_mem_gen:8.4 - axi_bram_ctrl_0_bram
Adding component instance block -- xilinx.com:ip:axi_bram_ctrl:4.1 - axi_bram_ctrl_1
Adding component instance block -- xilinx.com:ip:blk_mem_gen:8.4 - axi_bram_ctrl_0_bram1
Adding component instance block -- xilinx.com:ip:blk_mem_gen:8.4 - axi_bram_ctrl_0_bram2
Adding component instance block -- xilinx.com:ip:axi_bram_ctrl:4.1 - axi_bram_ctrl_2
Successfully read diagram <design_1> from BD file </home/rsaradhy/Work/trenz/firmware/firmware_DCPS/project_2_bram.srcs/sources_1/bd/design_1/design_1.bd>
open_bd_design: Time (s): cpu = 00:00:14 ; elapsed = 00:00:06 . Memory (MB): peak = 6808.867 ; gain = 0.000 ; free physical = 9332 ; free virtual = 12841
INFO: [Ipptcl 7-1463] No Compatible Board Interface found. Board Tab not created in customize GUI
connect_bd_net [get_bd_pins axi_bram_ctrl_0_bram/enb] [get_bd_pins axi_bram_ctrl_0_bram/rstb]
WARNING: [BD 41-1306] The connection to interface pin /axi_bram_ctrl_0_bram/enb is being overridden by the user. This pin will not be connected as a part of interface connection BRAM_PORTB
WARNING: [BD 41-1306] The connection to interface pin /axi_bram_ctrl_0_bram/rstb is being overridden by the user. This pin will not be connected as a part of interface connection BRAM_PORTB
undo
INFO: [Common 17-17] undo 'connect_bd_net [get_bd_pins axi_bram_ctrl_0_bram/enb] [get_bd_pins axi_bram_ctrl_0_bram/rstb]'
save_bd_design
Wrote  : </home/rsaradhy/Work/trenz/firmware/firmware_DCPS/project_2_bram.srcs/sources_1/bd/design_1/design_1.bd> 
Wrote  : </home/rsaradhy/Work/trenz/firmware/firmware_DCPS/project_2_bram.srcs/sources_1/bd/design_1/ui/bd_1f5defd0.ui> 
reset_run synth_1
launch_runs impl_1 -to_step write_bitstream -jobs 16
[Fri Oct  8 14:10:50 2021] Launched synth_1...
Run output will be captured here: /home/rsaradhy/Work/trenz/firmware/firmware_DCPS/project_2_bram.runs/synth_1/runme.log
[Fri Oct  8 14:10:50 2021] Launched impl_1...
Run output will be captured here: /home/rsaradhy/Work/trenz/firmware/firmware_DCPS/project_2_bram.runs/impl_1/runme.log
reset_run synth_1
launch_runs impl_1 -to_step write_bitstream -jobs 16
[Fri Oct  8 14:11:57 2021] Launched synth_1...
Run output will be captured here: /home/rsaradhy/Work/trenz/firmware/firmware_DCPS/project_2_bram.runs/synth_1/runme.log
[Fri Oct  8 14:11:57 2021] Launched impl_1...
Run output will be captured here: /home/rsaradhy/Work/trenz/firmware/firmware_DCPS/project_2_bram.runs/impl_1/runme.log
reset_run synth_1
launch_runs impl_1 -to_step write_bitstream -jobs 16
[Fri Oct  8 14:15:33 2021] Launched synth_1...
Run output will be captured here: /home/rsaradhy/Work/trenz/firmware/firmware_DCPS/project_2_bram.runs/synth_1/runme.log
[Fri Oct  8 14:15:33 2021] Launched impl_1...
Run output will be captured here: /home/rsaradhy/Work/trenz/firmware/firmware_DCPS/project_2_bram.runs/impl_1/runme.log
