#-----------------------------------------------------------
# Vivado v2019.2 (64-bit)
# SW Build 2708876 on Wed Nov  6 21:39:14 MST 2019
# IP Build 2700528 on Thu Nov  7 00:09:20 MST 2019
# Start of session at: Mon Aug  9 20:06:31 2021
# Process ID: 4970
# Current directory: /home/rsaradhy/Work/trenz/firmware/firmware_DCPS/log_files
# Command line: vivado ../project_2_bram.xpr
# Log file: /home/rsaradhy/Work/trenz/firmware/firmware_DCPS/log_files/vivado.log
# Journal file: /home/rsaradhy/Work/trenz/firmware/firmware_DCPS/log_files/vivado.jou
#-----------------------------------------------------------
start_gui
open_project ../project_2_bram.xpr
Scanning sources...
Finished scanning sources
INFO: [IP_Flow 19-234] Refreshing IP repositories
INFO: [IP_Flow 19-1704] No user IP repositories specified
INFO: [IP_Flow 19-2313] Loaded Vivado IP repository '/home/rsaradhy/Software/Vivado/Vivado/2019.2/data/ip'.
open_project: Time (s): cpu = 00:00:25 ; elapsed = 00:00:13 . Memory (MB): peak = 6610.203 ; gain = 126.535 ; free physical = 10643 ; free virtual = 13412
reset_run synth_1
launch_runs impl_1 -to_step write_bitstream -jobs 16
[Mon Aug  9 20:08:34 2021] Launched synth_1...
Run output will be captured here: /home/rsaradhy/Work/trenz/firmware/firmware_DCPS/project_2_bram.runs/synth_1/runme.log
[Mon Aug  9 20:08:34 2021] Launched impl_1...
Run output will be captured here: /home/rsaradhy/Work/trenz/firmware/firmware_DCPS/project_2_bram.runs/impl_1/runme.log
WARNING: [IP_Flow 19-3899] Cannot get the environment domain name variable for the component vendor name. Setting the vendor name to 'user.org'.
reset_run synth_1
launch_runs impl_1 -jobs 16
[Mon Aug  9 20:30:13 2021] Launched synth_1...
Run output will be captured here: /home/rsaradhy/Work/trenz/firmware/firmware_DCPS/project_2_bram.runs/synth_1/runme.log
[Mon Aug  9 20:30:13 2021] Launched impl_1...
Run output will be captured here: /home/rsaradhy/Work/trenz/firmware/firmware_DCPS/project_2_bram.runs/impl_1/runme.log
exit
INFO: [Common 17-206] Exiting Vivado at Mon Aug  9 20:46:13 2021...
