Copyright 1986-2019 Xilinx, Inc. All Rights Reserved.
--------------------------------------------------------------------------------------------------------------------------------------------------
| Tool Version : Vivado v.2019.2 (lin64) Build 2708876 Wed Nov  6 21:39:14 MST 2019
| Date         : Mon Aug  9 17:40:13 2021
| Host         : havi running 64-bit Pop!_OS 20.10
| Command      : report_methodology -file main_methodology_drc_routed.rpt -pb main_methodology_drc_routed.pb -rpx main_methodology_drc_routed.rpx
| Design       : main
| Device       : xczu2cg-sfvc784-1-e
| Speed File   : -1
| Design State : Fully Routed
--------------------------------------------------------------------------------------------------------------------------------------------------

Report Methodology

Table of Contents
-----------------
1. REPORT SUMMARY
2. REPORT DETAILS

1. REPORT SUMMARY
-----------------
            Netlist: netlist
          Floorplan: design_1
      Design limits: <entire design considered>
             Max violations: <unlimited>
             Violations found: 52
+-----------+------------------+------------------------------------------------+------------+
| Rule      | Severity         | Description                                    | Violations |
+-----------+------------------+------------------------------------------------+------------+
| TIMING-6  | Critical Warning | No common primary clock between related clocks | 2          |
| TIMING-7  | Critical Warning | No common node between related clocks          | 2          |
| TIMING-18 | Warning          | Missing input or output delay                  | 48         |
+-----------+------------------+------------------------------------------------+------------+

2. REPORT DETAILS
-----------------
TIMING-6#1 Critical Warning
No common primary clock between related clocks  
The clocks CLK_REF_P and clk_pl_0 are related (timed together) but they have no common primary clock. The design could fail in hardware. To find a timing path between these clocks, run the following command: report_timing -from [get_clocks CLK_REF_P] -to [get_clocks clk_pl_0]
Related violations: <none>

TIMING-6#2 Critical Warning
No common primary clock between related clocks  
The clocks clk_pl_0 and CLK_REF_P are related (timed together) but they have no common primary clock. The design could fail in hardware. To find a timing path between these clocks, run the following command: report_timing -from [get_clocks clk_pl_0] -to [get_clocks CLK_REF_P]
Related violations: <none>

TIMING-7#1 Critical Warning
No common node between related clocks  
The clocks CLK_REF_P and clk_pl_0 are related (timed together) but they have no common node. The design could fail in hardware. To find a timing path between these clocks, run the following command: report_timing -from [get_clocks CLK_REF_P] -to [get_clocks clk_pl_0]
Related violations: <none>

TIMING-7#2 Critical Warning
No common node between related clocks  
The clocks clk_pl_0 and CLK_REF_P are related (timed together) but they have no common node. The design could fail in hardware. To find a timing path between these clocks, run the following command: report_timing -from [get_clocks clk_pl_0] -to [get_clocks CLK_REF_P]
Related violations: <none>

TIMING-18#1 Warning
Missing input or output delay  
An input delay is missing on AQ0_N relative to clock(s) CLK_REF_P
Related violations: <none>

TIMING-18#2 Warning
Missing input or output delay  
An input delay is missing on AQ0_P relative to clock(s) CLK_REF_P
Related violations: <none>

TIMING-18#3 Warning
Missing input or output delay  
An input delay is missing on AQ1_N relative to clock(s) CLK_REF_P
Related violations: <none>

TIMING-18#4 Warning
Missing input or output delay  
An input delay is missing on AQ1_P relative to clock(s) CLK_REF_P
Related violations: <none>

TIMING-18#5 Warning
Missing input or output delay  
An input delay is missing on AQ2_N relative to clock(s) CLK_REF_P
Related violations: <none>

TIMING-18#6 Warning
Missing input or output delay  
An input delay is missing on AQ2_P relative to clock(s) CLK_REF_P
Related violations: <none>

TIMING-18#7 Warning
Missing input or output delay  
An input delay is missing on AQ3_N relative to clock(s) CLK_REF_P
Related violations: <none>

TIMING-18#8 Warning
Missing input or output delay  
An input delay is missing on AQ3_P relative to clock(s) CLK_REF_P
Related violations: <none>

TIMING-18#9 Warning
Missing input or output delay  
An input delay is missing on BQ0_N relative to clock(s) CLK_REF_P
Related violations: <none>

TIMING-18#10 Warning
Missing input or output delay  
An input delay is missing on BQ0_P relative to clock(s) CLK_REF_P
Related violations: <none>

TIMING-18#11 Warning
Missing input or output delay  
An input delay is missing on BQ1_N relative to clock(s) CLK_REF_P
Related violations: <none>

TIMING-18#12 Warning
Missing input or output delay  
An input delay is missing on BQ1_P relative to clock(s) CLK_REF_P
Related violations: <none>

TIMING-18#13 Warning
Missing input or output delay  
An input delay is missing on BQ2_N relative to clock(s) CLK_REF_P
Related violations: <none>

TIMING-18#14 Warning
Missing input or output delay  
An input delay is missing on BQ2_P relative to clock(s) CLK_REF_P
Related violations: <none>

TIMING-18#15 Warning
Missing input or output delay  
An input delay is missing on BQ3_N relative to clock(s) CLK_REF_P
Related violations: <none>

TIMING-18#16 Warning
Missing input or output delay  
An input delay is missing on BQ3_P relative to clock(s) CLK_REF_P
Related violations: <none>

TIMING-18#17 Warning
Missing input or output delay  
An input delay is missing on CQ0_N relative to clock(s) CLK_REF_P
Related violations: <none>

TIMING-18#18 Warning
Missing input or output delay  
An input delay is missing on CQ0_P relative to clock(s) CLK_REF_P
Related violations: <none>

TIMING-18#19 Warning
Missing input or output delay  
An input delay is missing on CQ1_N relative to clock(s) CLK_REF_P
Related violations: <none>

TIMING-18#20 Warning
Missing input or output delay  
An input delay is missing on CQ1_P relative to clock(s) CLK_REF_P
Related violations: <none>

TIMING-18#21 Warning
Missing input or output delay  
An input delay is missing on CQ2_N relative to clock(s) CLK_REF_P
Related violations: <none>

TIMING-18#22 Warning
Missing input or output delay  
An input delay is missing on CQ2_P relative to clock(s) CLK_REF_P
Related violations: <none>

TIMING-18#23 Warning
Missing input or output delay  
An input delay is missing on CQ3_N relative to clock(s) CLK_REF_P
Related violations: <none>

TIMING-18#24 Warning
Missing input or output delay  
An input delay is missing on CQ3_P relative to clock(s) CLK_REF_P
Related violations: <none>

TIMING-18#25 Warning
Missing input or output delay  
An input delay is missing on DQ0_N relative to clock(s) CLK_REF_P
Related violations: <none>

TIMING-18#26 Warning
Missing input or output delay  
An input delay is missing on DQ0_P relative to clock(s) CLK_REF_P
Related violations: <none>

TIMING-18#27 Warning
Missing input or output delay  
An input delay is missing on DQ1_N relative to clock(s) CLK_REF_P
Related violations: <none>

TIMING-18#28 Warning
Missing input or output delay  
An input delay is missing on DQ1_P relative to clock(s) CLK_REF_P
Related violations: <none>

TIMING-18#29 Warning
Missing input or output delay  
An input delay is missing on DQ2_N relative to clock(s) CLK_REF_P
Related violations: <none>

TIMING-18#30 Warning
Missing input or output delay  
An input delay is missing on DQ2_P relative to clock(s) CLK_REF_P
Related violations: <none>

TIMING-18#31 Warning
Missing input or output delay  
An input delay is missing on DQ3_N relative to clock(s) CLK_REF_P
Related violations: <none>

TIMING-18#32 Warning
Missing input or output delay  
An input delay is missing on DQ3_P relative to clock(s) CLK_REF_P
Related violations: <none>

TIMING-18#33 Warning
Missing input or output delay  
An input delay is missing on EQ0_N relative to clock(s) CLK_REF_P
Related violations: <none>

TIMING-18#34 Warning
Missing input or output delay  
An input delay is missing on EQ0_P relative to clock(s) CLK_REF_P
Related violations: <none>

TIMING-18#35 Warning
Missing input or output delay  
An input delay is missing on EQ1_N relative to clock(s) CLK_REF_P
Related violations: <none>

TIMING-18#36 Warning
Missing input or output delay  
An input delay is missing on EQ1_P relative to clock(s) CLK_REF_P
Related violations: <none>

TIMING-18#37 Warning
Missing input or output delay  
An input delay is missing on EQ2_N relative to clock(s) CLK_REF_P
Related violations: <none>

TIMING-18#38 Warning
Missing input or output delay  
An input delay is missing on EQ2_P relative to clock(s) CLK_REF_P
Related violations: <none>

TIMING-18#39 Warning
Missing input or output delay  
An input delay is missing on EQ3_N relative to clock(s) CLK_REF_P
Related violations: <none>

TIMING-18#40 Warning
Missing input or output delay  
An input delay is missing on EQ3_P relative to clock(s) CLK_REF_P
Related violations: <none>

TIMING-18#41 Warning
Missing input or output delay  
An input delay is missing on FQ0_N relative to clock(s) CLK_REF_P
Related violations: <none>

TIMING-18#42 Warning
Missing input or output delay  
An input delay is missing on FQ0_P relative to clock(s) CLK_REF_P
Related violations: <none>

TIMING-18#43 Warning
Missing input or output delay  
An input delay is missing on FQ1_N relative to clock(s) CLK_REF_P
Related violations: <none>

TIMING-18#44 Warning
Missing input or output delay  
An input delay is missing on FQ1_P relative to clock(s) CLK_REF_P
Related violations: <none>

TIMING-18#45 Warning
Missing input or output delay  
An input delay is missing on FQ2_N relative to clock(s) CLK_REF_P
Related violations: <none>

TIMING-18#46 Warning
Missing input or output delay  
An input delay is missing on FQ2_P relative to clock(s) CLK_REF_P
Related violations: <none>

TIMING-18#47 Warning
Missing input or output delay  
An input delay is missing on FQ3_N relative to clock(s) CLK_REF_P
Related violations: <none>

TIMING-18#48 Warning
Missing input or output delay  
An input delay is missing on FQ3_P relative to clock(s) CLK_REF_P
Related violations: <none>


